deliverytap_delivery/build/app/intermediates/manifest_merge_blame_file/debug/manifest-merger-blame-debug-report.txt
1<?xml version="1.0" encoding="utf-8"?>
2<manifest xmlns:android="http://schemas.android.com/apk/res/android"
3    package="com.tapforce.deliverytap_delivery"
4    android:versionCode="1"
5    android:versionName="1.0.0" >
6
7    <uses-sdk
8        android:minSdkVersion="21"
9        android:targetSdkVersion="31" />
10    <!--
11         Flutter needs it to communicate with the running application
12         to allow setting breakpoints, to provide hot reload, etc.
13    -->
14    <uses-permission android:name="android.permission.INTERNET" />
14-->src\debug\AndroidManifest.xml:6:5-66
14-->src\debug\AndroidManifest.xml:6:22-64
15    <uses-permission android:name="android.permission.FOREGROUND_SERVICE" />
15-->[:geolocator_android] AndroidManifest.xml:7:5-77
15-->[:geolocator_android] AndroidManifest.xml:7:22-74
16    <uses-permission android:name="android.permission.ACCESS_NETWORK_STATE" />
16-->[:connectivity_plus] AndroidManifest.xml:7:5-79
16-->[:connectivity_plus] AndroidManifest.xml:7:22-76
17    <uses-permission android:name="android.permission.ACCESS_COARSE_LOCATION" />
17-->[:background_location] AndroidManifest.xml:7:5-81
17-->[:background_location] AndroidManifest.xml:7:22-78
18    <uses-permission android:name="android.permission.ACCESS_FINE_LOCATION" /> <!-- Create a unique permission for your app and use it so only your app can receive your OneSignal messages. -->
18-->[:background_location] AndroidManifest.xml:8:5-79
18-->[:background_location] AndroidManifest.xml:8:22-76
19    <permission
19-->[com.onesignal:OneSignal:4.6.6] AndroidManifest.xml:7:5-9:47
20        android:name="com.tapforce.deliverytap_delivery.permission.C2D_MESSAGE"
20-->[com.onesignal:OneSignal:4.6.6] AndroidManifest.xml:8:9-63
21        android:protectionLevel="signature" />
21-->[com.onesignal:OneSignal:4.6.6] AndroidManifest.xml:9:9-44
22
23    <uses-permission android:name="com.tapforce.deliverytap_delivery.permission.C2D_MESSAGE" /> <!-- c2dm RECEIVE are basic requirements for push messages through Google's FCM -->
23-->[com.onesignal:OneSignal:4.6.6] AndroidManifest.xml:11:5-79
23-->[com.onesignal:OneSignal:4.6.6] AndroidManifest.xml:11:22-76
24    <uses-permission android:name="com.google.android.c2dm.permission.RECEIVE" /> <!-- Required, makes sure notifications are delivered on time. -->
24-->[com.onesignal:OneSignal:4.6.6] AndroidManifest.xml:17:5-82
24-->[com.onesignal:OneSignal:4.6.6] AndroidManifest.xml:17:22-79
25    <uses-permission android:name="android.permission.WAKE_LOCK" />
25-->[com.onesignal:OneSignal:4.6.6] AndroidManifest.xml:18:5-68
25-->[com.onesignal:OneSignal:4.6.6] AndroidManifest.xml:18:22-65
26    <!--
27 Required so the device vibrates on receiving a push notification.
28         Vibration settings of the device still apply.
29    -->
30    <uses-permission android:name="android.permission.VIBRATE" />
30-->[com.onesignal:OneSignal:4.6.6] AndroidManifest.xml:23:5-66
30-->[com.onesignal:OneSignal:4.6.6] AndroidManifest.xml:23:22-63
31    <!--
32 Use to restore notifications the user hasn't interacted with.
33         They could be missed notifications if the user reboots their device if this isn't in place.
34    -->
35    <uses-permission android:name="android.permission.RECEIVE_BOOT_COMPLETED" /> <!-- START: ShortcutBadger -->
35-->[com.onesignal:OneSignal:4.6.6] AndroidManifest.xml:29:5-81
35-->[com.onesignal:OneSignal:4.6.6] AndroidManifest.xml:29:22-78
36    <!-- Samsung -->
37    <uses-permission android:name="com.sec.android.provider.badge.permission.READ" />
37-->[com.onesignal:OneSignal:4.6.6] AndroidManifest.xml:31:5-86
37-->[com.onesignal:OneSignal:4.6.6] AndroidManifest.xml:31:22-83
38    <uses-permission android:name="com.sec.android.provider.badge.permission.WRITE" /> <!-- HTC -->
38-->[com.onesignal:OneSignal:4.6.6] AndroidManifest.xml:32:5-87
38-->[com.onesignal:OneSignal:4.6.6] AndroidManifest.xml:32:22-84
39    <uses-permission android:name="com.htc.launcher.permission.READ_SETTINGS" />
39-->[com.onesignal:OneSignal:4.6.6] AndroidManifest.xml:33:5-81
39-->[com.onesignal:OneSignal:4.6.6] AndroidManifest.xml:33:22-78
40    <uses-permission android:name="com.htc.launcher.permission.UPDATE_SHORTCUT" /> <!-- Sony -->
40-->[com.onesignal:OneSignal:4.6.6] AndroidManifest.xml:34:5-83
40-->[com.onesignal:OneSignal:4.6.6] AndroidManifest.xml:34:22-80
41    <uses-permission android:name="com.sonyericsson.home.permission.BROADCAST_BADGE" />
41-->[com.onesignal:OneSignal:4.6.6] AndroidManifest.xml:35:5-88
41-->[com.onesignal:OneSignal:4.6.6] AndroidManifest.xml:35:22-85
42    <uses-permission android:name="com.sonymobile.home.permission.PROVIDER_INSERT_BADGE" /> <!-- Apex -->
42-->[com.onesignal:OneSignal:4.6.6] AndroidManifest.xml:36:5-92
42-->[com.onesignal:OneSignal:4.6.6] AndroidManifest.xml:36:22-89
43    <uses-permission android:name="com.anddoes.launcher.permission.UPDATE_COUNT" /> <!-- Solid -->
43-->[com.onesignal:OneSignal:4.6.6] AndroidManifest.xml:37:5-84
43-->[com.onesignal:OneSignal:4.6.6] AndroidManifest.xml:37:22-81
44    <uses-permission android:name="com.majeur.launcher.permission.UPDATE_BADGE" /> <!-- Huawei -->
44-->[com.onesignal:OneSignal:4.6.6] AndroidManifest.xml:38:5-83
44-->[com.onesignal:OneSignal:4.6.6] AndroidManifest.xml:38:22-80
45    <uses-permission android:name="com.huawei.android.launcher.permission.CHANGE_BADGE" />
45-->[com.onesignal:OneSignal:4.6.6] AndroidManifest.xml:39:5-91
45-->[com.onesignal:OneSignal:4.6.6] AndroidManifest.xml:39:22-88
46    <uses-permission android:name="com.huawei.android.launcher.permission.READ_SETTINGS" />
46-->[com.onesignal:OneSignal:4.6.6] AndroidManifest.xml:40:5-92
46-->[com.onesignal:OneSignal:4.6.6] AndroidManifest.xml:40:22-89
47    <uses-permission android:name="com.huawei.android.launcher.permission.WRITE_SETTINGS" /> <!-- ZUK -->
47-->[com.onesignal:OneSignal:4.6.6] AndroidManifest.xml:41:5-93
47-->[com.onesignal:OneSignal:4.6.6] AndroidManifest.xml:41:22-90
48    <uses-permission android:name="android.permission.READ_APP_BADGE" /> <!-- OPPO -->
48-->[com.onesignal:OneSignal:4.6.6] AndroidManifest.xml:42:5-73
48-->[com.onesignal:OneSignal:4.6.6] AndroidManifest.xml:42:22-70
49    <uses-permission android:name="com.oppo.launcher.permission.READ_SETTINGS" />
49-->[com.onesignal:OneSignal:4.6.6] AndroidManifest.xml:43:5-82
49-->[com.onesignal:OneSignal:4.6.6] AndroidManifest.xml:43:22-79
50    <uses-permission android:name="com.oppo.launcher.permission.WRITE_SETTINGS" /> <!-- EvMe -->
50-->[com.onesignal:OneSignal:4.6.6] AndroidManifest.xml:44:5-83
50-->[com.onesignal:OneSignal:4.6.6] AndroidManifest.xml:44:22-80
51    <uses-permission android:name="me.everything.badger.permission.BADGE_COUNT_READ" />
51-->[com.onesignal:OneSignal:4.6.6] AndroidManifest.xml:45:5-88
51-->[com.onesignal:OneSignal:4.6.6] AndroidManifest.xml:45:22-85
52    <uses-permission android:name="me.everything.badger.permission.BADGE_COUNT_WRITE" />
52-->[com.onesignal:OneSignal:4.6.6] AndroidManifest.xml:46:5-89
52-->[com.onesignal:OneSignal:4.6.6] AndroidManifest.xml:46:22-86
53
54    <uses-feature
54-->[com.google.android.gms:play-services-maps:17.0.0] AndroidManifest.xml:26:5-28:35
55        android:glEsVersion="0x00020000"
55-->[com.google.android.gms:play-services-maps:17.0.0] AndroidManifest.xml:27:9-41
56        android:required="true" />
56-->[com.google.android.gms:play-services-maps:17.0.0] AndroidManifest.xml:28:9-32
57
58    <uses-permission android:name="com.google.android.finsky.permission.BIND_GET_INSTALL_REFERRER_SERVICE" /> <!-- Include required permissions for Advertising Id -->
58-->[com.google.android.gms:play-services-measurement:20.1.0] AndroidManifest.xml:26:5-110
58-->[com.google.android.gms:play-services-measurement:20.1.0] AndroidManifest.xml:26:22-107
59    <uses-permission android:name="com.google.android.gms.permission.AD_ID" />
59-->[com.google.android.gms:play-services-ads-identifier:18.0.0] AndroidManifest.xml:23:5-79
59-->[com.google.android.gms:play-services-ads-identifier:18.0.0] AndroidManifest.xml:23:22-76
60
61    <application
62        android:name="android.app.Application"
63        android:appComponentFactory="androidx.core.app.CoreComponentFactory"
63-->[androidx.core:core:1.6.0] AndroidManifest.xml:24:18-86
64        android:debuggable="true"
65        android:icon="@mipmap/ic_launcher"
66        android:label="deliverytap_delivery" >
67        <activity
68            android:name="com.tapforce.deliverytap_delivery.MainActivity"
69            android:configChanges="orientation|keyboardHidden|keyboard|screenSize|smallestScreenSize|locale|layoutDirection|fontScale|screenLayout|density|uiMode"
70            android:exported="true"
71            android:hardwareAccelerated="true"
72            android:launchMode="singleTop"
73            android:theme="@style/LaunchTheme"
74            android:windowSoftInputMode="adjustResize" >
75
76            <!--
77                 Specifies an Android theme to apply to this Activity as soon as
78                 the Android process has started. This theme is visible to the user
79                 while the Flutter UI initializes. After that, this theme continues
80                 to determine the Window background behind the Flutter UI.
81            -->
82            <meta-data
83                android:name="io.flutter.embedding.android.NormalTheme"
84                android:resource="@style/NormalTheme" />
85
86            <intent-filter>
87                <action android:name="android.intent.action.MAIN" />
88
89                <category android:name="android.intent.category.LAUNCHER" />
90            </intent-filter>
91        </activity>
92        <!--
93             Don't delete the meta-data below.
94             This is used by the Flutter tool to generate GeneratedPluginRegistrant.java
95        -->
96        <meta-data
97            android:name="flutterEmbedding"
98            android:value="2" />
99
100        <service
100-->[:cloud_firestore] AndroidManifest.xml:8:9-12:19
101            android:name="com.google.firebase.components.ComponentDiscoveryService"
101-->[:cloud_firestore] AndroidManifest.xml:8:18-89
102            android:directBootAware="true"
102-->[com.google.firebase:firebase-common:20.0.0] AndroidManifest.xml:35:13-43
103            android:exported="false" >
103-->[com.google.firebase:firebase-messaging:23.0.0] AndroidManifest.xml:51:13-37
104            <meta-data
104-->[:cloud_firestore] AndroidManifest.xml:9:13-11:85
105                android:name="com.google.firebase.components:io.flutter.plugins.firebase.firestore.FlutterFirebaseFirestoreRegistrar"
105-->[:cloud_firestore] AndroidManifest.xml:10:17-134
106                android:value="com.google.firebase.components.ComponentRegistrar" />
106-->[:cloud_firestore] AndroidManifest.xml:11:17-82
107            <meta-data
107-->[:firebase_auth] AndroidManifest.xml:9:13-11:85
108                android:name="com.google.firebase.components:io.flutter.plugins.firebase.auth.FlutterFirebaseAuthRegistrar"
108-->[:firebase_auth] AndroidManifest.xml:10:17-124
109                android:value="com.google.firebase.components.ComponentRegistrar" />
109-->[:firebase_auth] AndroidManifest.xml:11:17-82
110            <meta-data
110-->[:firebase_core] AndroidManifest.xml:9:13-11:85
111                android:name="com.google.firebase.components:io.flutter.plugins.firebase.core.FlutterFirebaseCoreRegistrar"
111-->[:firebase_core] AndroidManifest.xml:10:17-124
112                android:value="com.google.firebase.components.ComponentRegistrar" />
112-->[:firebase_core] AndroidManifest.xml:11:17-82
113            <meta-data
113-->[com.google.firebase:firebase-messaging:23.0.0] AndroidManifest.xml:52:13-54:85
114                android:name="com.google.firebase.components:com.google.firebase.messaging.FirebaseMessagingRegistrar"
114-->[com.google.firebase:firebase-messaging:23.0.0] AndroidManifest.xml:53:17-119
115                android:value="com.google.firebase.components.ComponentRegistrar" />
115-->[com.google.firebase:firebase-messaging:23.0.0] AndroidManifest.xml:54:17-82
116            <meta-data
116-->[com.google.firebase:firebase-datatransport:18.0.0] AndroidManifest.xml:28:13-30:85
117                android:name="com.google.firebase.components:com.google.firebase.datatransport.TransportRegistrar"
117-->[com.google.firebase:firebase-datatransport:18.0.0] AndroidManifest.xml:29:17-115
118                android:value="com.google.firebase.components.ComponentRegistrar" />
118-->[com.google.firebase:firebase-datatransport:18.0.0] AndroidManifest.xml:30:17-82
119            <meta-data
119-->[com.google.firebase:firebase-auth:21.0.1] AndroidManifest.xml:77:13-79:85
120                android:name="com.google.firebase.components:com.google.firebase.auth.FirebaseAuthRegistrar"
120-->[com.google.firebase:firebase-auth:21.0.1] AndroidManifest.xml:78:17-109
121                android:value="com.google.firebase.components.ComponentRegistrar" />
121-->[com.google.firebase:firebase-auth:21.0.1] AndroidManifest.xml:79:17-82
122            <meta-data
122-->[com.google.firebase:firebase-firestore:24.0.1] AndroidManifest.xml:20:13-22:85
123                android:name="com.google.firebase.components:com.google.firebase.firestore.FirestoreRegistrar"
123-->[com.google.firebase:firebase-firestore:24.0.1] AndroidManifest.xml:21:17-111
124                android:value="com.google.firebase.components.ComponentRegistrar" />
124-->[com.google.firebase:firebase-firestore:24.0.1] AndroidManifest.xml:22:17-82
125            <meta-data
125-->[com.google.android.gms:play-services-measurement-api:20.1.0] AndroidManifest.xml:30:13-32:85
126                android:name="com.google.firebase.components:com.google.firebase.analytics.connector.internal.AnalyticsConnectorRegistrar"
126-->[com.google.android.gms:play-services-measurement-api:20.1.0] AndroidManifest.xml:31:17-139
127                android:value="com.google.firebase.components.ComponentRegistrar" />
127-->[com.google.android.gms:play-services-measurement-api:20.1.0] AndroidManifest.xml:32:17-82
128            <meta-data
128-->[com.google.firebase:firebase-installations:17.0.0] AndroidManifest.xml:18:13-20:85
129                android:name="com.google.firebase.components:com.google.firebase.installations.FirebaseInstallationsRegistrar"
129-->[com.google.firebase:firebase-installations:17.0.0] AndroidManifest.xml:19:17-127
130                android:value="com.google.firebase.components.ComponentRegistrar" />
130-->[com.google.firebase:firebase-installations:17.0.0] AndroidManifest.xml:20:17-82
131        </service>
132        <service
132-->[:geolocator_android] AndroidManifest.xml:10:9-14:56
133            android:name="com.baseflow.geolocator.GeolocatorLocationService"
133-->[:geolocator_android] AndroidManifest.xml:11:13-77
134            android:enabled="true"
134-->[:geolocator_android] AndroidManifest.xml:12:13-35
135            android:exported="false"
135-->[:geolocator_android] AndroidManifest.xml:13:13-37
136            android:foregroundServiceType="location" />
136-->[:geolocator_android] AndroidManifest.xml:14:13-53
137
138        <activity
138-->[:url_launcher_android] AndroidManifest.xml:8:9-11:74
139            android:name="io.flutter.plugins.urllauncher.WebViewActivity"
139-->[:url_launcher_android] AndroidManifest.xml:9:13-74
140            android:exported="false"
140-->[:url_launcher_android] AndroidManifest.xml:10:13-37
141            android:theme="@android:style/Theme.NoTitleBar.Fullscreen" />
141-->[:url_launcher_android] AndroidManifest.xml:11:13-71
142
143        <service
143-->[:background_location] AndroidManifest.xml:12:9-17:37
144            android:name="com.almoullim.background_location.LocationUpdatesService"
144-->[:background_location] AndroidManifest.xml:13:13-84
145            android:enabled="true"
145-->[:background_location] AndroidManifest.xml:14:13-35
146            android:exported="true"
146-->[:background_location] AndroidManifest.xml:15:13-36
147            android:foregroundServiceType="location"
147-->[:background_location] AndroidManifest.xml:16:13-53
148            android:permission="" />
148-->[:background_location] AndroidManifest.xml:17:13-34
149
150        <provider
150-->[:share] AndroidManifest.xml:8:9-16:20
151            android:name="io.flutter.plugins.share.ShareFileProvider"
151-->[:share] AndroidManifest.xml:9:13-70
152            android:authorities="com.tapforce.deliverytap_delivery.flutter.share_provider"
152-->[:share] AndroidManifest.xml:10:13-74
153            android:exported="false"
153-->[:share] AndroidManifest.xml:11:13-37
154            android:grantUriPermissions="true" >
154-->[:share] AndroidManifest.xml:12:13-47
155            <meta-data
155-->[:share] AndroidManifest.xml:13:13-15:68
156                android:name="android.support.FILE_PROVIDER_PATHS"
156-->[:share] AndroidManifest.xml:14:17-67
157                android:resource="@xml/flutter_share_file_paths" />
157-->[:share] AndroidManifest.xml:15:17-65
158        </provider>
159
160        <receiver
160-->[com.onesignal:OneSignal:4.6.6] AndroidManifest.xml:49:9-60:20
161            android:name="com.onesignal.FCMBroadcastReceiver"
161-->[com.onesignal:OneSignal:4.6.6] AndroidManifest.xml:50:13-62
162            android:exported="true"
162-->[com.onesignal:OneSignal:4.6.6] AndroidManifest.xml:51:13-36
163            android:permission="com.google.android.c2dm.permission.SEND" >
163-->[com.onesignal:OneSignal:4.6.6] AndroidManifest.xml:52:13-73
164
165            <!-- High priority so OneSignal payloads can be filtered from other FCM receivers -->
166            <intent-filter android:priority="999" >
166-->[com.onesignal:OneSignal:4.6.6] AndroidManifest.xml:55:13-59:29
166-->[com.onesignal:OneSignal:4.6.6] AndroidManifest.xml:55:28-50
167                <action android:name="com.google.android.c2dm.intent.RECEIVE" />
167-->[com.onesignal:OneSignal:4.6.6] AndroidManifest.xml:56:17-81
167-->[com.onesignal:OneSignal:4.6.6] AndroidManifest.xml:56:25-78
168
169                <category android:name="com.tapforce.deliverytap_delivery" />
169-->[com.onesignal:OneSignal:4.6.6] AndroidManifest.xml:58:17-61
169-->[com.onesignal:OneSignal:4.6.6] AndroidManifest.xml:58:27-58
170            </intent-filter>
171        </receiver>
172
173        <service
173-->[com.onesignal:OneSignal:4.6.6] AndroidManifest.xml:62:9-68:19
174            android:name="com.onesignal.HmsMessageServiceOneSignal"
174-->[com.onesignal:OneSignal:4.6.6] AndroidManifest.xml:63:13-68
175            android:exported="false" >
175-->[com.onesignal:OneSignal:4.6.6] AndroidManifest.xml:64:13-37
176            <intent-filter>
176-->[com.onesignal:OneSignal:4.6.6] AndroidManifest.xml:65:13-67:29
177                <action android:name="com.huawei.push.action.MESSAGING_EVENT" />
177-->[com.onesignal:OneSignal:4.6.6] AndroidManifest.xml:66:17-81
177-->[com.onesignal:OneSignal:4.6.6] AndroidManifest.xml:66:25-78
178            </intent-filter>
179        </service>
180
181        <activity
181-->[com.onesignal:OneSignal:4.6.6] AndroidManifest.xml:70:9-78:20
182            android:name="com.onesignal.NotificationOpenedActivityHMS"
182-->[com.onesignal:OneSignal:4.6.6] AndroidManifest.xml:71:13-71
183            android:exported="true"
183-->[com.onesignal:OneSignal:4.6.6] AndroidManifest.xml:72:13-36
184            android:noHistory="true"
184-->[com.onesignal:OneSignal:4.6.6] AndroidManifest.xml:73:13-37
185            android:theme="@android:style/Theme.Translucent.NoTitleBar" >
185-->[com.onesignal:OneSignal:4.6.6] AndroidManifest.xml:74:13-72
186            <intent-filter>
186-->[com.onesignal:OneSignal:4.6.6] AndroidManifest.xml:75:13-77:29
187                <action android:name="android.intent.action.VIEW" />
187-->[com.onesignal:OneSignal:4.6.6] AndroidManifest.xml:76:17-69
187-->[com.onesignal:OneSignal:4.6.6] AndroidManifest.xml:76:25-66
188            </intent-filter>
189        </activity>
190
191        <service
191-->[com.onesignal:OneSignal:4.6.6] AndroidManifest.xml:80:9-82:40
192            android:name="com.onesignal.FCMIntentService"
192-->[com.onesignal:OneSignal:4.6.6] AndroidManifest.xml:81:13-58
193            android:exported="false" />
193-->[com.onesignal:OneSignal:4.6.6] AndroidManifest.xml:82:13-37
194        <service
194-->[com.onesignal:OneSignal:4.6.6] AndroidManifest.xml:83:9-86:72
195            android:name="com.onesignal.FCMIntentJobService"
195-->[com.onesignal:OneSignal:4.6.6] AndroidManifest.xml:84:13-61
196            android:exported="false"
196-->[com.onesignal:OneSignal:4.6.6] AndroidManifest.xml:85:13-37
197            android:permission="android.permission.BIND_JOB_SERVICE" />
197-->[com.onesignal:OneSignal:4.6.6] AndroidManifest.xml:86:13-69
198        <service
198-->[com.onesignal:OneSignal:4.6.6] AndroidManifest.xml:87:9-90:43
199            android:name="com.onesignal.SyncService"
199-->[com.onesignal:OneSignal:4.6.6] AndroidManifest.xml:88:13-53
200            android:exported="false"
200-->[com.onesignal:OneSignal:4.6.6] AndroidManifest.xml:89:13-37
201            android:stopWithTask="true" />
201-->[com.onesignal:OneSignal:4.6.6] AndroidManifest.xml:90:13-40
202        <service
202-->[com.onesignal:OneSignal:4.6.6] AndroidManifest.xml:91:9-94:72
203            android:name="com.onesignal.SyncJobService"
203-->[com.onesignal:OneSignal:4.6.6] AndroidManifest.xml:92:13-56
204            android:exported="false"
204-->[com.onesignal:OneSignal:4.6.6] AndroidManifest.xml:93:13-37
205            android:permission="android.permission.BIND_JOB_SERVICE" />
205-->[com.onesignal:OneSignal:4.6.6] AndroidManifest.xml:94:13-69
206
207        <activity
207-->[com.onesignal:OneSignal:4.6.6] AndroidManifest.xml:96:9-99:75
208            android:name="com.onesignal.PermissionsActivity"
208-->[com.onesignal:OneSignal:4.6.6] AndroidManifest.xml:97:13-61
209            android:exported="false"
209-->[com.onesignal:OneSignal:4.6.6] AndroidManifest.xml:98:13-37
210            android:theme="@android:style/Theme.Translucent.NoTitleBar" />
210-->[com.onesignal:OneSignal:4.6.6] AndroidManifest.xml:99:13-72
211
212        <receiver
212-->[com.onesignal:OneSignal:4.6.6] AndroidManifest.xml:101:9-103:39
213            android:name="com.onesignal.NotificationDismissReceiver"
213-->[com.onesignal:OneSignal:4.6.6] AndroidManifest.xml:102:13-69
214            android:exported="true" />
214-->[com.onesignal:OneSignal:4.6.6] AndroidManifest.xml:103:13-36
215        <receiver
215-->[com.onesignal:OneSignal:4.6.6] AndroidManifest.xml:104:9-111:20
216            android:name="com.onesignal.BootUpReceiver"
216-->[com.onesignal:OneSignal:4.6.6] AndroidManifest.xml:105:13-56
217            android:exported="true" >
217-->[com.onesignal:OneSignal:4.6.6] AndroidManifest.xml:106:13-36
218            <intent-filter>
218-->[com.onesignal:OneSignal:4.6.6] AndroidManifest.xml:107:13-110:29
219                <action android:name="android.intent.action.BOOT_COMPLETED" />
219-->[com.onesignal:OneSignal:4.6.6] AndroidManifest.xml:108:17-79
219-->[com.onesignal:OneSignal:4.6.6] AndroidManifest.xml:108:25-76
220                <action android:name="android.intent.action.QUICKBOOT_POWERON" />
220-->[com.onesignal:OneSignal:4.6.6] AndroidManifest.xml:109:17-82
220-->[com.onesignal:OneSignal:4.6.6] AndroidManifest.xml:109:25-79
221            </intent-filter>
222        </receiver>
223        <receiver
223-->[com.onesignal:OneSignal:4.6.6] AndroidManifest.xml:112:9-118:20
224            android:name="com.onesignal.UpgradeReceiver"
224-->[com.onesignal:OneSignal:4.6.6] AndroidManifest.xml:113:13-57
225            android:exported="true" >
225-->[com.onesignal:OneSignal:4.6.6] AndroidManifest.xml:114:13-36
226            <intent-filter>
226-->[com.onesignal:OneSignal:4.6.6] AndroidManifest.xml:115:13-117:29
227                <action android:name="android.intent.action.MY_PACKAGE_REPLACED" />
227-->[com.onesignal:OneSignal:4.6.6] AndroidManifest.xml:116:17-84
227-->[com.onesignal:OneSignal:4.6.6] AndroidManifest.xml:116:25-81
228            </intent-filter>
229        </receiver>
230
231        <activity
231-->[com.onesignal:OneSignal:4.6.6] AndroidManifest.xml:120:9-126:75
232            android:name="com.onesignal.NotificationOpenedReceiver"
232-->[com.onesignal:OneSignal:4.6.6] AndroidManifest.xml:121:13-68
233            android:excludeFromRecents="true"
233-->[com.onesignal:OneSignal:4.6.6] AndroidManifest.xml:122:13-46
234            android:exported="true"
234-->[com.onesignal:OneSignal:4.6.6] AndroidManifest.xml:123:13-36
235            android:noHistory="true"
235-->[com.onesignal:OneSignal:4.6.6] AndroidManifest.xml:124:13-37
236            android:taskAffinity=""
236-->[com.onesignal:OneSignal:4.6.6] AndroidManifest.xml:125:13-36
237            android:theme="@android:style/Theme.Translucent.NoTitleBar" />
237-->[com.onesignal:OneSignal:4.6.6] AndroidManifest.xml:126:13-72
238        <activity
238-->[com.onesignal:OneSignal:4.6.6] AndroidManifest.xml:127:9-132:75
239            android:name="com.onesignal.NotificationOpenedReceiverAndroid22AndOlder"
239-->[com.onesignal:OneSignal:4.6.6] AndroidManifest.xml:128:13-85
240            android:excludeFromRecents="true"
240-->[com.onesignal:OneSignal:4.6.6] AndroidManifest.xml:129:13-46
241            android:exported="true"
241-->[com.onesignal:OneSignal:4.6.6] AndroidManifest.xml:130:13-36
242            android:noHistory="true"
242-->[com.onesignal:OneSignal:4.6.6] AndroidManifest.xml:131:13-37
243            android:theme="@android:style/Theme.Translucent.NoTitleBar" />
243-->[com.onesignal:OneSignal:4.6.6] AndroidManifest.xml:132:13-72
244
245        <uses-library
245-->[androidx.window:window:1.0.0-beta04] AndroidManifest.xml:25:9-27:40
246            android:name="androidx.window.extensions"
246-->[androidx.window:window:1.0.0-beta04] AndroidManifest.xml:26:13-54
247            android:required="false" />
247-->[androidx.window:window:1.0.0-beta04] AndroidManifest.xml:27:13-37
248        <uses-library
248-->[androidx.window:window:1.0.0-beta04] AndroidManifest.xml:28:9-30:40
249            android:name="androidx.window.sidecar"
249-->[androidx.window:window:1.0.0-beta04] AndroidManifest.xml:29:13-51
250            android:required="false" />
250-->[androidx.window:window:1.0.0-beta04] AndroidManifest.xml:30:13-37
251
252        <receiver
252-->[com.google.firebase:firebase-messaging:23.0.0] AndroidManifest.xml:28:9-35:20
253            android:name="com.google.firebase.iid.FirebaseInstanceIdReceiver"
253-->[com.google.firebase:firebase-messaging:23.0.0] AndroidManifest.xml:29:13-78
254            android:exported="true"
254-->[com.google.firebase:firebase-messaging:23.0.0] AndroidManifest.xml:30:13-36
255            android:permission="com.google.android.c2dm.permission.SEND" >
255-->[com.google.firebase:firebase-messaging:23.0.0] AndroidManifest.xml:31:13-73
256            <intent-filter>
256-->[com.google.firebase:firebase-messaging:23.0.0] AndroidManifest.xml:32:13-34:29
257                <action android:name="com.google.android.c2dm.intent.RECEIVE" />
257-->[com.onesignal:OneSignal:4.6.6] AndroidManifest.xml:56:17-81
257-->[com.onesignal:OneSignal:4.6.6] AndroidManifest.xml:56:25-78
258            </intent-filter>
259        </receiver>
260        <!--
261             FirebaseMessagingService performs security checks at runtime,
262             but set to not exported to explicitly avoid allowing another app to call it.
263        -->
264        <service
264-->[com.google.firebase:firebase-messaging:23.0.0] AndroidManifest.xml:41:9-48:19
265            android:name="com.google.firebase.messaging.FirebaseMessagingService"
265-->[com.google.firebase:firebase-messaging:23.0.0] AndroidManifest.xml:42:13-82
266            android:directBootAware="true"
266-->[com.google.firebase:firebase-messaging:23.0.0] AndroidManifest.xml:43:13-43
267            android:exported="false" >
267-->[com.google.firebase:firebase-messaging:23.0.0] AndroidManifest.xml:44:13-37
268            <intent-filter android:priority="-500" >
268-->[com.google.firebase:firebase-messaging:23.0.0] AndroidManifest.xml:45:13-47:29
268-->[com.google.firebase:firebase-messaging:23.0.0] AndroidManifest.xml:45:28-51
269                <action android:name="com.google.firebase.MESSAGING_EVENT" />
269-->[com.google.firebase:firebase-messaging:23.0.0] AndroidManifest.xml:46:17-78
269-->[com.google.firebase:firebase-messaging:23.0.0] AndroidManifest.xml:46:25-75
270            </intent-filter>
271        </service>
272        <service
272-->[com.google.android.datatransport:transport-backend-cct:3.0.0] AndroidManifest.xml:29:9-35:19
273            android:name="com.google.android.datatransport.runtime.backends.TransportBackendDiscovery"
273-->[com.google.android.datatransport:transport-backend-cct:3.0.0] AndroidManifest.xml:30:13-103
274            android:exported="false" >
274-->[com.google.android.datatransport:transport-backend-cct:3.0.0] AndroidManifest.xml:31:13-37
275            <meta-data
275-->[com.google.android.datatransport:transport-backend-cct:3.0.0] AndroidManifest.xml:32:13-34:39
276                android:name="backend:com.google.android.datatransport.cct.CctBackendFactory"
276-->[com.google.android.datatransport:transport-backend-cct:3.0.0] AndroidManifest.xml:33:17-94
277                android:value="cct" />
277-->[com.google.android.datatransport:transport-backend-cct:3.0.0] AndroidManifest.xml:34:17-36
278        </service>
279
280        <activity
280-->[com.google.firebase:firebase-auth:21.0.1] AndroidManifest.xml:27:9-44:20
281            android:name="com.google.firebase.auth.internal.GenericIdpActivity"
281-->[com.google.firebase:firebase-auth:21.0.1] AndroidManifest.xml:28:13-80
282            android:excludeFromRecents="true"
282-->[com.google.firebase:firebase-auth:21.0.1] AndroidManifest.xml:29:13-46
283            android:exported="true"